Unity Player [version: Unity 5.5.4f1_8ffd0efd98b1]

Unknown caused an Access Violation (0xc0000005)
  in module Unknown at 0023:058df466.

Error occurred at 2018-03-27_102122.
E:\Workspace\Joyyou\Timer\Timer\1.exe, run by win10.
66% memory in use.
0 MB physical memory [2703 MB free].
0 MB paging file [0 MB free].
0 MB user address space [3685 MB free].
Write to location 058df466 caused an access violation.

Context:
EDI:    0x00000000  ESI: 0x175263d8  EAX:   0x00000001
EBX:    0x058b9460  ECX: 0x1c12df6d  EDX:   0x00000000
EIP:    0x058df466  EBP: 0x0079fa18  SegCs: 0x00000023
EFlags: 0x00210246  ESP: 0x0079f9e0  SegSs: 0x0000002b

Bytes at CS:EIP:
00 00 00 00 00 00 00 00 00 00 00 00 00 00 00 00 

Stack:
0x0079f9e0: 01534827 00000007 03a30b30 03a26ccc 'HS.....0....l..
0x0079f9f0: 0079fa18 05532888 05533058 175263d8 ..y..(S.X0S..cR.
0x0079fa00: 058df429 058b9460 03a22cf0 175263d8 )...`....,...cR.
0x0079fa10: 0079fa18 058df41c 0079fa48 058c769d ..y.....H.y..v..
0x0079fa20: 00000000 03a26cc0 03a2cdf8 00000000 .....l..........
0x0079fa30: 03a1df50 00000000 c0000000 4013f3e3 P..............@
0x0079fa40: 0079fc34 0079fc34 0079fa8c 058b94a1 4.y.4.y...y.....
0x0079fa50: 03a22cf0 00000000 00000000 0079fa74 .,..........t.y.
0x0079fa60: 10001e35 0eb2bba8 0eb2bba8 0eb2bba8 5...............
0x0079fa70: 00000000 00000000 10001ddd 05550658 ............X.U.
0x0079fa80: 0eb2bba8 0079fa8c 0079fa90 0079fabc ......y...y...y.
0x0079fa90: 100f174c 03a22cf0 0079fb9c 0079fc34 L....,....y.4.y.
0x0079faa0: 058c7638 00010000 00000001 0eb2bba8 8v..............
0x0079fab0: 00000000 03a14e70 10001ddd 0079fae0 ....pN........y.
0x0079fac0: 1005d85b 0eb2bba8 03a22cf0 0079fb9c [........,....y.
0x0079fad0: 0079fc34 0079fc34 0079fb3c 00000001 4.y.4.y.<.y.....
0x0079fae0: 0079faf8 0161e0ce 0eb2bba8 03a22cf0 ..y...a......,..
0x0079faf0: 0079fb9c 0079fc34 0079fb20 01645aba ..y.4.y. .y..Zd.
0x0079fb00: 0eb2bba8 00000001 03a22cf0 0079fb3c .........,..<.y.
0x0079fb10: 0079fc34 00000000 0eb2bba8 04aafeb0 4.y.............
0x0079fb20: 0079fc2c 0163c7de 0079fc34 00000000 ,.y...c.4.y.....
0x0079fb30: 03a22cf0 04aafeb0 00000000 01645aba .,...........Zd.
0x0079fb40: 05626598 0079f700 00000000 0079fb70 .eb...y.....p.y.
0x0079fb50: 0079fc60 00000000 77972450 77966730 `.y.....P$.w0g.w
0x0079fb60: 0079fc64 01561cd3 0079fc60 00000000 d.y...V.`.y.....
0x0079fb70: 00000001 0079fc64 0176b32f 0176b33a ....d.y./.v.:.v.
0x0079fb80: 77972450 00000004 77966730 00000000 P$.w....0g.w....
0x0079fb90: 0079fc40 3f800000 04c56aa0 00000000 @.y....?.j......
0x0079fba0: 00000000 00000000 00000000 00000000 ................
0x0079fbb0: 00000000 00000000 00000000 00000000 ................
0x0079fbc0: 00000000 00000000 00000000 00000004 ................
0x0079fbd0: 0079fb70 00000000 00000000 00000000 p.y.............
0x0079fbe0: 00000000 00000000 01605745 0406fb90 ........EW`.....
0x0079fbf0: 00000004 00000000 00000000 00000000 ................
0x0079fc00: 00000001 0eb2bba8 00000001 03a22cf0 .............,..
0x0079fc10: 00000000 00000316 00000000 00000000 ................
0x0079fc20: 00000000 04aa0101 87e00000 0079fc64 ............d.y.
0x0079fc30: 0163e511 00000000 0409f790 040787c0 ..c.............
0x0079fc40: 01469e91 77966730 00000004 77972450 ..F.0g.w....P$.w
0x0079fc50: 0079fc50 0079fc50 040787c0 04aaff00 P.y.P.y.........
0x0079fc60: 04080110 0079fc9c 01563717 01a6a14e ......y..7V.N...
0x0079fc70: 01a6a309 00000000 00000001 000a03da ................
0x0079fc80: 000000ff 00000001 00790243 6b664f65 ........C.y.eOfk
0x0079fc90: 000009da 000001bc 000008d0 0079fdd4 ..............y.
0x0079fca0: 01a6ca47 01b44b6b 00000000 0097a000 G...kK..........
0x0079fcb0: 04077850 01c0003f 000001ff 00000000 Px..?...........
0x0079fcc0: 0000002f 0000002f 00001fff 0406f9d0 /.../...........
0x0079fcd0: 03a924d8 0231dcc0 0079fc98 00000034 .$....1...y.4...
0x0079fce0: 0000003f 03aa3e88 0079fd04 01acc08e ?....>....y.....
0x0079fcf0: 9fcb7a00 0079fd24 01b60bc3 00000804 .z..$.y.........
0x0079fd00: 00001001 03a924d8 0000000f 0000000f .....$..........
0x0079fd10: 000003a8 023a6c20 03a91998 93e226f0 .... l:......&..
0x0079fd20: 0406fad0 0079fd64 01b5212c 0079fd54 ....d.y.,!..T.y.
0x0079fd30: 00000035 0000003f 03a924d8 040778e0 5...?....$...x..
0x0079fd40: 0231dcc0 0000000f 000003a8 00000026 ..1.........&...
0x0079fd50: 0000002f 0079fc90 616e614d 00646567 /.....y.Managed.
0x0079fd60: 6c65746e 00000000 00000007 0000000f ntel............
0x0079fd70: 0231dcc0 0406fa10 0406fa48 0406fa48 ..1.....H...H...
0x0079fd80: 0000000d 03aa3ec0 65646900 646e6957 .....>...ideWind
0x0079fd90: 6c00776f 0079006c 00000000 0000000f ow.ll.y.........
0x0079fda0: 00000000 00000000 65726100 5748746e .........arentHW
0x0079fdb0: 0100444e 00c83f56 00000000 0000000f ND..V?..........
0x0079fdc0: 00000000 03aa3ec0 03aa3f00 00000000 .....>...?......
0x0079fdd0: 00100801 0079fdec 01b0c288 013b0000 ......y.......;.
0x0079fde0: 00000000 00c83f58 00000001 0079fe7c ....X?......|.y.
0x0079fdf0: 01b44b18 013b0000 00000000 00c83f58 .K....;.....X?..
0x0079fe00: 00000001 9fcb7888 01b44b6b 01b44b6b .....x..kK..kK..
0x0079fe10: 0097a000 00000044 00c8227e 00c8225e ....D...~"..^"..
0x0079fe20: 00c82212 00000000 00000000 00000000 ."..............
0x0079fe30: 00000000 00000000 00000000 00000000 ................
0x0079fe40: 00000401 00000001 00000000 00000000 ................
0x0079fe50: 00020001 00000000 c0000005 01b44b6b ............kK..
0x0079fe60: 00000000 0079fe04 0079f414 0079fec8 ......y...y...y.
0x0079fe70: 01b46470 9d8afe5c 00000000 0079fe90 pd..\.........y.
0x0079fe80: 768b62c4 0097a000 768b62a0 5d6c4d94 .b.v.....b.v.Ml]
0x0079fe90: 0079fed8 77b10609 0097a000 93e22520 ..y....w.... %..
0x0079fea0: 00000000 00000000 0097a000 c0000005 ................
0x0079feb0: 00000000 0079f3f4 76bcd6b0 93e22520 ......y....v %..
0x0079fec0: 0079fe9c 0079f3f4 0079fee0 77b25de0 ..y...y...y..].w
0x0079fed0: e421a6b8 00000000 0079fee8 77b105d4 ..!.......y....w
0x0079fee0: ffffffff 77b3251f 00000000 00000000 .....%.w........
0x0079fef0: 01b44b6b 0097a000 00000000 00000000 kK..............
0x0079ff00: 00000000 00000000 00000000 00000000 ................
0x0079ff10: 00000000 00000000 00000000 00000000 ................
0x0079ff20: 00000000 00000000 00000000 00000000 ................
0x0079ff30: 00000000 00000000 00000000 00000000 ................
0x0079ff40: 00000000 00000000 00000000 00000000 ................
0x0079ff50: 00000000 00000000 00000000 00000000 ................
0x0079ff60: 00000000 00000000 00000000 00000000 ................
0x0079ff70: 00000000 00000000 00000000 00000000 ................
0x0079ff80: 00000000 00000000 00000000 00000000 ................
0x0079ff90: 00000000 00000000 00000000 00000000 ................
0x0079ffa0: 00000000 00000000 00000000 00000000 ................
0x0079ffb0: 00000000 00000000 00000000 00000000 ................
0x0079ffc0: 00000000 00000000 00000000 00000000 ................
0x0079ffd0: 00000000 00000000 00000000 00000000 ................
0x0079ffe0: 00000000 00000000 00000000 00000000 ................
0x0079fff0: 00000000 00000000 00000000 00000000 ................

Module 1
E:\Workspace\Joyyou\Timer\Timer\1.exe
Image Base: 0x013b0000  Image Size: 0x01207000
File Size:  18041856    File Time:  2017-05-30_204146
Version:
   Company:    
   Product:    
   FileDesc:   
   FileVer:    5.5.4.64782
   ProdVer:    5.5.4.64782

Module 2
E:\Workspace\Joyyou\Timer\Timer\1_Data\Mono\mono.dll
Image Base: 0x10000000  Image Size: 0x00231000
File Size:  2115008     File Time:  2017-05-30_205226
Version:
   Company:    Unity Technologies
   Product:    libmono
   FileDesc:   Unity Technologies fork of mono runtime
   FileVer:    1.0.0.1
   ProdVer:    1.0.0.1

Module 3
C:\Windows\system32\SogouPy.ime
Image Base: 0x10000000  Image Size: 0x005fa000
File Size:  6132352     File Time:  2018-01-26_182034
Version:
   Company:    Sogou.com Inc.
   Product:    搜狗拼音输入法
   FileDesc:   搜狗拼音输入法
   FileVer:    8.9.0.2130
   ProdVer:    8.9.0.2130

Module 4
C:\Program Files (x86)\SogouInput\8.9.0.2130\Resource.dll
Image Base: 0x10000000  Image Size: 0x000e4000
File Size:  934528      File Time:  2018-01-26_182024
Version:
   Company:    Sogou.com Inc.
   Product:    搜狗拼音输入法
   FileDesc:   搜狗拼音输入法 资源
   FileVer:    8.9.0.2130
   ProdVer:    8.9.0.2130

Module 5
C:\Program Files (x86)\SogouInput\Components\SogouFlash\2.1.0.229\SogouFlashDll.dll
Image Base: 0x603b0000  Image Size: 0x000e7000
File Size:  886912      File Time:  2018-02-06_130126
Version:
   Company:    Sogou.com Inc.
   Product:    搜狗拼音输入法
   FileDesc:   搜狗拼音输入法 - Flash皮肤接口
   FileVer:    2.1.0.229
   ProdVer:    2.1.0.229

Module 6
C:\Windows\system32\wbem\fastprox.dll
Image Base: 0x604a0000  Image Size: 0x000c2000
File Size:  779776      File Time:  2016-07-16_194258
Version:
   Company:    Microsoft Corporation
   Product:    Microsoft? Windows? Operating System
   FileDesc:   WMI Custom Marshaller
   FileVer:    10.0.14393.0
   ProdVer:    10.0.14393.0

Module 7
C:\Windows\system32\wbem\wbemsvc.dll
Image Base: 0x60570000  Image Size: 0x00010000
File Size:  48640       File Time:  2016-07-16_194258
Version:
   Company:    Microsoft Corporation
   Product:    Microsoft? Windows? Operating System
   FileDesc:   WMI
   FileVer:    10.0.14393.0
   ProdVer:    10.0.14393.0

Module 8
C:\Windows\SYSTEM32\wbemcomn.dll
Image Base: 0x60580000  Image Size: 0x00067000
File Size:  391168      File Time:  2016-07-16_194258
Version:
   Company:    Microsoft Corporation
   Product:    Microsoft? Windows? Operating System
   FileDesc:   WMI
   FileVer:    10.0.14393.0
   ProdVer:    10.0.14393.0

Module 9
C:\Windows\system32\wbem\wbemprox.dll
Image Base: 0x605f0000  Image Size: 0x0000d000
File Size:  35328       File Time:  2016-07-16_194258
Version:
   Company:    Microsoft Corporation
   Product:    Microsoft? Windows? Operating System
   FileDesc:   WMI
   FileVer:    10.0.14393.0
   ProdVer:    10.0.14393.0

Module 10
C:\Windows\SYSTEM32\HID.DLL
Image Base: 0x611c0000  Image Size: 0x0000a000
File Size:  25600       File Time:  2016-07-16_194250
Version:
   Company:    Microsoft Corporation
   Product:    Microsoft? Windows? Operating System
   FileDesc:   Hid 用户库
   FileVer:    10.0.14393.0
   ProdVer:    10.0.14393.0

Module 11
C:\Windows\SYSTEM32\MSACM32.dll
Image Base: 0x61d40000  Image Size: 0x00018000
File Size:  90912       File Time:  2016-07-16_194250
Version:
   Company:    Microsoft Corporation
   Product:    Microsoft? Windows? Operating System
   FileDesc:   Microsoft ACM 音频筛选器
   FileVer:    10.0.14393.0
   ProdVer:    10.0.14393.0

Module 12
C:\Windows\SYSTEM32\wdmaud.drv
Image Base: 0x61d60000  Image Size: 0x00039000
File Size:  207360      File Time:  2016-07-16_194250
Version:
   Company:    Microsoft Corporation
   Product:    Microsoft? Windows? Operating System
   FileDesc:   Winmm 音频系统驱动程序
   FileVer:    10.0.14393.0
   ProdVer:    10.0.14393.0

Module 13
C:\Windows\System32\DriverStore\FileRepository\nv_dispiwu.inf_amd64_b67dc924fff8de6d\nvwgf2um.dll
Image Base: 0x62320000  Image Size: 0x013bb000
File Size:  20938544    File Time:  2017-01-04_150326
Version:
   Company:    NVIDIA Corporation
   Product:    NVIDIA D3D10 drivers
   FileDesc:   NVIDIA D3D10 Driver, Version 376.53 
   FileVer:    21.21.13.7653
   ProdVer:    21.21.13.7653

Module 14
C:\Windows\SYSTEM32\msacm32.drv
Image Base: 0x64600000  Image Size: 0x0000a000
File Size:  24576       File Time:  2016-07-16_194250
Version:
   Company:    Microsoft Corporation
   Product:    Microsoft? Windows? Operating System
   FileDesc:   Microsoft 声音映射器
   FileVer:    10.0.14393.0
   ProdVer:    10.0.14393.0

Module 15
C:\Windows\SYSTEM32\d3d11.dll
Image Base: 0x64730000  Image Size: 0x00230000
File Size:  2277800     File Time:  2016-07-16_194250
Version:
   Company:    Microsoft Corporation
   Product:    Microsoft? Windows? Operating System
   FileDesc:   Direct3D 11 Runtime
   FileVer:    10.0.14393.0
   ProdVer:    10.0.14393.0

Module 16
C:\Windows\System32\DEVOBJ.dll
Image Base: 0x658d0000  Image Size: 0x00022000
File Size:  132232      File Time:  2016-07-16_194256
Version:
   Company:    Microsoft Corporation
   Product:    Microsoft? Windows? Operating System
   FileDesc:   Device Information Set DLL
   FileVer:    10.0.14393.0
   ProdVer:    10.0.14393.0

Module 17
C:\Windows\SYSTEM32\ksuser.dll
Image Base: 0x65900000  Image Size: 0x00007000
File Size:  20672       File Time:  2016-07-16_194250
Version:
   Company:    Microsoft Corporation
   Product:    Microsoft? Windows? Operating System
   FileDesc:   User CSA Library
   FileVer:    10.0.14393.0
   ProdVer:    10.0.14393.0

Module 18
C:\Windows\System32\sogoutsf.ime
Image Base: 0x69580000  Image Size: 0x0016d000
File Size:  1426048     File Time:  2018-01-26_182036
Version:
   Company:    Sogou.com Inc.
   Product:    搜狗拼音输入法
   FileDesc:   搜狗拼音输入法
   FileVer:    8.9.0.2130
   ProdVer:    8.9.0.2130

Module 19
C:\Windows\SYSTEM32\AVRT.dll
Image Base: 0x696f0000  Image Size: 0x00009000
File Size:  29448       File Time:  2016-07-16_194250
Version:
   Company:    Microsoft Corporation
   Product:    Microsoft? Windows? Operating System
   FileDesc:   Multimedia Realtime Runtime
   FileVer:    10.0.14393.0
   ProdVer:    10.0.14393.0

Module 20
C:\Windows\SYSTEM32\dxgi.dll
Image Base: 0x69700000  Image Size: 0x00084000
File Size:  527880      File Time:  2016-07-16_194250
Version:
   Company:    Microsoft Corporation
   Product:    Microsoft? Windows? Operating System
   FileDesc:   DirectX Graphics Infrastructure
   FileVer:    10.0.14393.0
   ProdVer:    10.0.14393.0

Module 21
C:\Windows\SYSTEM32\GLU32.dll
Image Base: 0x6ba20000  Image Size: 0x00025000
File Size:  141312      File Time:  2016-07-16_194306
Version:
   Company:    Microsoft Corporation
   Product:    Microsoft? Windows? Operating System
   FileDesc:   OpenGL 实用工具库 DLL
   FileVer:    10.0.14393.0
   ProdVer:    10.0.14393.0

Module 22
C:\Windows\SYSTEM32\OPENGL32.dll
Image Base: 0x6ba50000  Image Size: 0x000e0000
File Size:  786944      File Time:  2016-07-16_194306
Version:
   Company:    Microsoft Corporation
   Product:    Microsoft? Windows? Operating System
   FileDesc:   OpenGL Client DLL
   FileVer:    10.0.14393.0
   ProdVer:    10.0.14393.0

Module 23
C:\Windows\System32\MMDevApi.dll
Image Base: 0x6bc40000  Image Size: 0x00058000
File Size:  352768      File Time:  2016-07-16_194250
Version:
   Company:    Microsoft Corporation
   Product:    Microsoft? Windows? Operating System
   FileDesc:   MMDevice API
   FileVer:    10.0.14393.0
   ProdVer:    10.0.14393.0

Module 24
C:\Windows\SYSTEM32\wintypes.dll
Image Base: 0x6bca0000  Image Size: 0x000cf000
File Size:  846560      File Time:  2016-07-16_194256
Version:
   Company:    Microsoft Corporation
   Product:    Microsoft? Windows? Operating System
   FileDesc:   Windows 基本类型 DLL
   FileVer:    10.0.14393.0
   ProdVer:    10.0.14393.0

Module 25
C:\Windows\SYSTEM32\AUDIOSES.DLL
Image Base: 0x6bd70000  Image Size: 0x0007b000
File Size:  484584      File Time:  2016-07-16_194250
Version:
   Company:    Microsoft Corporation
   Product:    Microsoft? Windows? Operating System
   FileDesc:   音频会话
   FileVer:    10.0.14393.0
   ProdVer:    10.0.14393.0

Module 26
C:\Windows\system32\dwmapi.dll
Image Base: 0x6bff0000  Image Size: 0x0001f000
File Size:  114016      File Time:  2016-07-16_194250
Version:
   Company:    Microsoft Corporation
   Product:    Microsoft? Windows? Operating System
   FileDesc:   Microsoft 桌面窗口管理器 API
   FileVer:    10.0.14393.0
   ProdVer:    10.0.14393.0

Module 27
C:\Windows\SYSTEM32\DCIMAN32.dll
Image Base: 0x6ebf0000  Image Size: 0x00007000
File Size:  11776       File Time:  2016-07-16_194250
Version:
   Company:    Microsoft Corporation
   Product:    Microsoft? Windows? Operating System
   FileDesc:   DCI Manager
   FileVer:    10.0.14393.0
   ProdVer:    10.0.14393.0

Module 28
C:\Windows\SYSTEM32\DDRAW.dll
Image Base: 0x6f610000  Image Size: 0x000ed000
File Size:  547840      File Time:  2016-07-16_194306
Version:
   Company:    Microsoft Corporation
   Product:    Microsoft? Windows? Operating System
   FileDesc:   Microsoft DirectDraw
   FileVer:    10.0.14393.0
   ProdVer:    10.0.14393.0

Module 29
C:\Program Files (x86)\SogouInput\Components\VoiceInput\1.0.0.143\VoiceInput.dll
Image Base: 0x70910000  Image Size: 0x00015000
File Size:  83072       File Time:  2018-02-06_130126
Version:
   Company:    Sogou.com Inc.
   Product:    搜狗拼音输入法
   FileDesc:   VoiceInput Dynamic Link Library
   FileVer:    1.0.0.143
   ProdVer:    1.0.0.143

Module 30
C:\Program Files (x86)\SogouInput\Components\PicFace\1.1.0.1819\PicFace.dll
Image Base: 0x70930000  Image Size: 0x001b9000
File Size:  1776256     File Time:  2018-02-06_130124
Version:
   Company:    Sogou.com Inc.
   Product:    搜狗拼音输入法
   FileDesc:   搜狗拼音输入法 图片表情
   FileVer:    1.1.0.1819
   ProdVer:    1.1.0.1819

Module 31
C:\Windows\System32\PROPSYS.dll
Image Base: 0x70c20000  Image Size: 0x0014f000
File Size:  1375456     File Time:  2016-07-16_194256
Version:
   Company:    Microsoft Corporation
   Product:    Windows? Search
   FileDesc:   Microsoft 属性系统
   FileVer:    7.0.14393.0
   ProdVer:    7.0.14393.0

Module 32
C:\Windows\System32\MSIMG32.dll
Image Base: 0x70d70000  Image Size: 0x00006000
File Size:  7168        File Time:  2016-07-16_194250
Version:
   Company:    Microsoft Corporation
   Product:    Microsoft? Windows? Operating System
   FileDesc:   GDIEXT Client DLL
   FileVer:    10.0.14393.0
   ProdVer:    10.0.14393.0

Module 33
C:\Windows\SYSTEM32\OLEACC.dll
Image Base: 0x716b0000  Image Size: 0x00054000
File Size:  325120      File Time:  2016-07-16_194306
Version:
   Company:    Microsoft Corporation
   Product:    Microsoft? Windows? Operating System
   FileDesc:   Active Accessibility Core Component
   FileVer:    7.2.14393.0
   ProdVer:    10.0.14393.0

Module 34
C:\Windows\SYSTEM32\dhcpcsvc6.DLL
Image Base: 0x71a00000  Image Size: 0x00013000
File Size:  57344       File Time:  2016-07-16_194256
Version:
   Company:    Microsoft Corporation
   Product:    Microsoft? Windows? Operating System
   FileDesc:   DHCPv6 客户端
   FileVer:    10.0.14393.0
   ProdVer:    10.0.14393.0

Module 35
C:\Windows\SYSTEM32\WINMMBASE.dll
Image Base: 0x71df0000  Image Size: 0x00023000
File Size:  131208      File Time:  2016-07-16_194250
Version:
   Company:    Microsoft Corporation
   Product:    Microsoft? Windows? Operating System
   FileDesc:   Base Multimedia Extension API DLL
   FileVer:    10.0.14393.0
   ProdVer:    10.0.14393.0

Module 36
C:\Windows\SYSTEM32\WINMM.dll
Image Base: 0x71e90000  Image Size: 0x00024000
File Size:  135376      File Time:  2016-07-16_194250
Version:
   Company:    Microsoft Corporation
   Product:    Microsoft? Windows? Operating System
   FileDesc:   MCI API DLL
   FileVer:    10.0.14393.0
   ProdVer:    10.0.14393.0

Module 37
C:\Windows\system32\uxtheme.dll
Image Base: 0x724c0000  Image Size: 0x00075000
File Size:  457728      File Time:  2016-07-16_194306
Version:
   Company:    Microsoft Corporation
   Product:    Microsoft? Windows? Operating System
   FileDesc:   Microsoft UxTheme 库
   FileVer:    10.0.14393.0
   ProdVer:    10.0.14393.0

Module 38
C:\Windows\WinSxS\x86_microsoft.windows.common-controls_6595b64144ccf1df_6.0.14393.0_none_74bc87d3d22d9abe\comctl32.dll
Image Base: 0x72540000  Image Size: 0x0020a000
File Size:  2121568     File Time:  2016-07-16_194306
Version:
   Company:    Microsoft Corporation
   Product:    Microsoft? Windows? Operating System
   FileDesc:   用户体验控件库
   FileVer:    6.10.14393.0
   ProdVer:    10.0.14393.0

Module 39
C:\Windows\SYSTEM32\WINHTTP.dll
Image Base: 0x72a90000  Image Size: 0x0009f000
File Size:  631808      File Time:  2016-07-16_194256
Version:
   Company:    Microsoft Corporation
   Product:    Microsoft? Windows? Operating System
   FileDesc:   Windows HTTP 服务
   FileVer:    10.0.14393.0
   ProdVer:    10.0.14393.0

Module 40
C:\Windows\SYSTEM32\dbgcore.DLL
Image Base: 0x72d70000  Image Size: 0x00025000
File Size:  135680      File Time:  2016-07-16_194258
Version:
   Company:    Microsoft
   Product:    Microsoft? Windows? Operating System
   FileDesc:   Windows Core Debugging Helpers
   FileVer:    10.0.14321.1024
   ProdVer:    10.0.14321.1024

Module 41
C:\Windows\System32\rasadhlp.dll
Image Base: 0x733d0000  Image Size: 0x00008000
File Size:  13312       File Time:  2016-07-16_194302
Version:
   Company:    Microsoft Corporation
   Product:    Microsoft? Windows? Operating System
   FileDesc:   Remote Access AutoDial Helper
   FileVer:    10.0.14393.0
   ProdVer:    10.0.14393.0

Module 42
C:\Windows\System32\fwpuclnt.dll
Image Base: 0x733e0000  Image Size: 0x00049000
File Size:  279040      File Time:  2016-07-16_194256
Version:
   Company:    Microsoft Corporation
   Product:    Microsoft? Windows? Operating System
   FileDesc:   FWP/IPsec 用户模式 API
   FileVer:    10.0.14393.0
   ProdVer:    10.0.14393.0

Module 43
C:\Windows\SYSTEM32\DbgHelp.dll
Image Base: 0x737e0000  Image Size: 0x00145000
File Size:  1220608     File Time:  2016-07-16_194258
Version:
   Company:    Microsoft
   Product:    Microsoft? Windows? Operating System
   FileDesc:   Windows Image Helper
   FileVer:    10.0.14321.1024
   ProdVer:    10.0.14321.1024

Module 44
C:\Windows\SYSTEM32\dhcpcsvc.DLL
Image Base: 0x73b70000  Image Size: 0x00014000
File Size:  63488       File Time:  2016-07-16_194256
Version:
   Company:    Microsoft Corporation
   Product:    Microsoft? Windows? Operating System
   FileDesc:   DHCP 客户端服务
   FileVer:    10.0.14393.0
   ProdVer:    10.0.14393.0

Module 45
C:\Windows\SYSTEM32\DNSAPI.dll
Image Base: 0x73b90000  Image Size: 0x0007c000
File Size:  496872      File Time:  2016-07-16_194256
Version:
   Company:    Microsoft Corporation
   Product:    Microsoft? Windows? Operating System
   FileDesc:   DNS 客户端 API DLL
   FileVer:    10.0.14393.0
   ProdVer:    10.0.14393.0

Module 46
C:\Windows\SYSTEM32\MSWSOCK.dll
Image Base: 0x73c10000  Image Size: 0x0004e000
File Size:  306016      File Time:  2016-07-16_194256
Version:
   Company:    Microsoft Corporation
   Product:    Microsoft? Windows? Operating System
   FileDesc:   Microsoft Windows Sockets 2.0 服务提供程序
   FileVer:    10.0.14393.0
   ProdVer:    10.0.14393.0

Module 47
C:\Windows\system32\rsaenh.dll
Image Base: 0x73ca0000  Image Size: 0x0002f000
File Size:  184416      File Time:  2016-07-16_194256
Version:
   Company:    Microsoft Corporation
   Product:    Microsoft? Windows? Operating System
   FileDesc:   Microsoft Enhanced Cryptographic Provider
   FileVer:    10.0.14393.0
   ProdVer:    10.0.14393.0

Module 48
C:\Windows\SYSTEM32\CRYPTSP.dll
Image Base: 0x73cd0000  Image Size: 0x00013000
File Size:  68720       File Time:  2016-07-16_194256
Version:
   Company:    Microsoft Corporation
   Product:    Microsoft? Windows? Operating System
   FileDesc:   Cryptographic Service Provider API
   FileVer:    10.0.14393.0
   ProdVer:    10.0.14393.0

Module 49
C:\Windows\SYSTEM32\ntmarta.dll
Image Base: 0x73ed0000  Image Size: 0x00028000
File Size:  154432      File Time:  2016-07-16_194256
Version:
   Company:    Microsoft Corporation
   Product:    Microsoft? Windows? Operating System
   FileDesc:   Windows NT MARTA 提供程序
   FileVer:    10.0.14393.0
   ProdVer:    10.0.14393.0

Module 50
C:\Windows\SYSTEM32\bcrypt.dll
Image Base: 0x73fa0000  Image Size: 0x0001b000
File Size:  106896      File Time:  2016-07-16_194256
Version:
   Company:    Microsoft Corporation
   Product:    Microsoft? Windows? Operating System
   FileDesc:   Windows 加密基元库
   FileVer:    10.0.14393.0
   ProdVer:    10.0.14393.0

Module 51
C:\Windows\SYSTEM32\IPHLPAPI.DLL
Image Base: 0x74230000  Image Size: 0x0002f000
File Size:  184416      File Time:  2016-07-16_194256
Version:
   Company:    Microsoft Corporation
   Product:    Microsoft? Windows? Operating System
   FileDesc:   IP 帮助程序 API
   FileVer:    10.0.14393.0
   ProdVer:    10.0.14393.0

Module 52
C:\Windows\SYSTEM32\VERSION.dll
Image Base: 0x745d0000  Image Size: 0x00008000
File Size:  27360       File Time:  2016-07-16_194306
Version:
   Company:    Microsoft Corporation
   Product:    Microsoft? Windows? Operating System
   FileDesc:   Version Checking and File Installation Libraries
   FileVer:    10.0.14393.0
   ProdVer:    10.0.14393.0

Module 53
C:\Windows\System32\CRYPTBASE.dll
Image Base: 0x745e0000  Image Size: 0x0000a000
File Size:  31528       File Time:  2016-07-16_194250
Version:
   Company:    Microsoft Corporation
   Product:    Microsoft? Windows? Operating System
   FileDesc:   Base cryptographic API DLL
   FileVer:    10.0.14393.0
   ProdVer:    10.0.14393.0

Module 54
C:\Windows\System32\SspiCli.dll
Image Base: 0x745f0000  Image Size: 0x0001e000
File Size:  117240      File Time:  2016-07-16_194250
Version:
   Company:    Microsoft Corporation
   Product:    Microsoft? Windows? Operating System
   FileDesc:   Security Support Provider Interface
   FileVer:    10.0.14393.0
   ProdVer:    10.0.14393.0

Module 55
C:\Windows\System32\cfgmgr32.dll
Image Base: 0x74670000  Image Size: 0x00036000
File Size:  213848      File Time:  2016-07-16_194256
Version:
   Company:    Microsoft Corporation
   Product:    Microsoft? Windows? Operating System
   FileDesc:   Configuration Manager DLL
   FileVer:    10.0.14393.0
   ProdVer:    10.0.14393.0

Module 56
C:\Windows\System32\ucrtbase.dll
Image Base: 0x746b0000  Image Size: 0x000e0000
File Size:  918304      File Time:  2016-07-16_194256
Version:
   Company:    Microsoft Corporation
   Product:    Microsoft? Windows? Operating System
   FileDesc:   Microsoft? C Runtime Library
   FileVer:    10.0.14393.0
   ProdVer:    10.0.14393.0

Module 57
C:\Windows\System32\powrprof.dll
Image Base: 0x747a0000  Image Size: 0x00045000
File Size:  275832      File Time:  2016-07-16_194256
Version:
   Company:    Microsoft Corporation
   Product:    Microsoft? Windows? Operating System
   FileDesc:   电源配置文件帮助程序 DLL
   FileVer:    10.0.14393.0
   ProdVer:    10.0.14393.0

Module 58
C:\Windows\System32\win32u.dll
Image Base: 0x748b0000  Image Size: 0x00015000
File Size:  79544       File Time:  2016-07-16_194250
Version:
   Company:    Microsoft Corporation
   Product:    Microsoft? Windows? Operating System
   FileDesc:   Win32u
   FileVer:    10.0.14393.0
   ProdVer:    10.0.14393.0

Module 59
C:\Windows\System32\ADVAPI32.dll
Image Base: 0x74930000  Image Size: 0x00077000
File Size:  482392      File Time:  2016-07-16_194250
Version:
   Company:    Microsoft Corporation
   Product:    Microsoft? Windows? Operating System
   FileDesc:   高级 Windows 32 基本 API
   FileVer:    10.0.14393.0
   ProdVer:    10.0.14393.0

Module 60
C:\Windows\System32\PSAPI.DLL
Image Base: 0x749b0000  Image Size: 0x00006000
File Size:  17048       File Time:  2016-07-16_194246
Version:
   Company:    Microsoft Corporation
   Product:    Microsoft? Windows? Operating System
   FileDesc:   Process Status Helper
   FileVer:    10.0.14393.0
   ProdVer:    10.0.14393.0

Module 61
C:\Windows\System32\combase.dll
Image Base: 0x749c0000  Image Size: 0x00211000
File Size:  2166240     File Time:  2016-07-16_194256
Version:
   Company:    Microsoft Corporation
   Product:    Microsoft? Windows? Operating System
   FileDesc:   用于 Windows 的 Microsoft COM
   FileVer:    10.0.14393.0
   ProdVer:    10.0.14393.0

Module 62
C:\Windows\System32\RPCRT4.dll
Image Base: 0x74d70000  Image Size: 0x000c1000
File Size:  790760      File Time:  2016-07-16_194250
Version:
   Company:    Microsoft Corporation
   Product:    Microsoft? Windows? Operating System
   FileDesc:   远程过程调用运行时
   FileVer:    10.0.14393.0
   ProdVer:    10.0.14393.0

Module 63
C:\Windows\System32\OLEAUT32.dll
Image Base: 0x74e40000  Image Size: 0x00093000
File Size:  593992      File Time:  2016-07-16_194256
Version:
   Company:    Microsoft Corporation
   Product:    
   FileDesc:   
   FileVer:    10.0.14393.0
   ProdVer:    10.0.14393.0

Module 64
C:\Windows\System32\WLDAP32.dll
Image Base: 0x74ee0000  Image Size: 0x00051000
File Size:  310272      File Time:  2016-07-16_194256
Version:
   Company:    Microsoft Corporation
   Product:    Microsoft? Windows? Operating System
   FileDesc:   Win32 LDAP API DLL
   FileVer:    10.0.14393.0
   ProdVer:    10.0.14393.0

Module 65
C:\Windows\System32\NSI.dll
Image Base: 0x74f90000  Image Size: 0x00007000
File Size:  20152       File Time:  2016-07-16_194228
Version:
   Company:    Microsoft Corporation
   Product:    Microsoft? Windows? Operating System
   FileDesc:   NSI User-mode interface DLL
   FileVer:    10.0.14393.0
   ProdVer:    10.0.14393.0

Module 66
C:\Windows\System32\profapi.dll
Image Base: 0x74fa0000  Image Size: 0x0000f000
File Size:  54752       File Time:  2016-07-16_194250
Version:
   Company:    Microsoft Corporation
   Product:    Microsoft? Windows? Operating System
   FileDesc:   User Profile Basic API
   FileVer:    10.0.14393.0
   ProdVer:    10.0.14393.0

Module 67
C:\Windows\System32\kernel.appcore.dll
Image Base: 0x74fb0000  Image Size: 0x0000d000
File Size:  43416       File Time:  2016-07-16_194256
Version:
   Company:    Microsoft Corporation
   Product:    Microsoft? Windows? Operating System
   FileDesc:   AppModel API Host
   FileVer:    10.0.14393.0
   ProdVer:    10.0.14393.0

Module 68
C:\Windows\System32\ole32.dll
Image Base: 0x74fc0000  Image Size: 0x000ea000
File Size:  959112      File Time:  2016-07-16_194248
Version:
   Company:    Microsoft Corporation
   Product:    Microsoft? Windows? Operating System
   FileDesc:   用于 Windows 的 Microsoft OLE
   FileVer:    10.0.14393.0
   ProdVer:    10.0.14393.0

Module 69
C:\Windows\System32\SHELL32.dll
Image Base: 0x750b0000  Image Size: 0x013d7000
File Size:  20965248    File Time:  2016-07-16_194258
Version:
   Company:    Microsoft Corporation
   Product:    Microsoft? Windows? Operating System
   FileDesc:   Windows Shell 公用 DLL
   FileVer:    10.0.14393.0
   ProdVer:    10.0.14393.0

Module 70
C:\Windows\System32\KERNEL32.DLL
Image Base: 0x768a0000  Image Size: 0x000e0000
File Size:  616048      File Time:  2016-07-16_194246
Version:
   Company:    Microsoft Corporation
   Product:    Microsoft? Windows? Operating System
   FileDesc:   Windows NT 基本 API 客户端 DLL
   FileVer:    10.0.14393.0
   ProdVer:    10.0.14393.0

Module 71
C:\Windows\System32\GDI32.dll
Image Base: 0x76980000  Image Size: 0x0002b000
File Size:  170960      File Time:  2016-07-16_194250
Version:
   Company:    Microsoft Corporation
   Product:    Microsoft? Windows? Operating System
   FileDesc:   GDI Client DLL
   FileVer:    10.0.14393.0
   ProdVer:    10.0.14393.0

Module 72
C:\Windows\System32\msvcrt.dll
Image Base: 0x769b0000  Image Size: 0x000be000
File Size:  773168      File Time:  2016-07-16_194250
Version:
   Company:    Microsoft Corporation
   Product:    Microsoft? Windows? Operating System
   FileDesc:   Windows NT CRT DLL
   FileVer:    7.0.14393.0
   ProdVer:    10.0.14393.0

Module 73
C:\Windows\System32\KERNELBASE.dll
Image Base: 0x76a70000  Image Size: 0x001a1000
File Size:  1707512     File Time:  2016-07-16_194228
Version:
   Company:    Microsoft Corporation
   Product:    Microsoft? Windows? Operating System
   FileDesc:   Windows NT 基本 API 客户端 DLL
   FileVer:    10.0.14393.0
   ProdVer:    10.0.14393.0

Module 74
C:\Windows\System32\SHLWAPI.dll
Image Base: 0x76c20000  Image Size: 0x00046000
File Size:  284056      File Time:  2016-07-16_194304
Version:
   Company:    Microsoft Corporation
   Product:    Microsoft? Windows? Operating System
   FileDesc:   外壳简易实用工具库
   FileVer:    10.0.14393.0
   ProdVer:    10.0.14393.0

Module 75
C:\Windows\System32\clbcatq.dll
Image Base: 0x76c70000  Image Size: 0x00084000
File Size:  528360      File Time:  2016-07-16_194248
Version:
   Company:    Microsoft Corporation
   Product:    Microsoft? Windows? Operating System
   FileDesc:   COM+ Configuration Catalog
   FileVer:    2001.12.10941.16384
   ProdVer:    10.0.14393.0

Module 76
C:\Windows\System32\bcryptPrimitives.dll
Image Base: 0x76d00000  Image Size: 0x0005a000
File Size:  367208      File Time:  2016-07-16_194228
Version:
   Company:    Microsoft Corporation
   Product:    Microsoft? Windows? Operating System
   FileDesc:   Windows Cryptographic Primitives Library
   FileVer:    10.0.14393.0
   ProdVer:    10.0.14393.0

Module 77
C:\Windows\System32\sechost.dll
Image Base: 0x76ed0000  Image Size: 0x00041000
File Size:  255168      File Time:  2016-07-16_194250
Version:
   Company:    Microsoft Corporation
   Product:    Microsoft? Windows? Operating System
   FileDesc:   Host for SCM/SDDL/LSA Lookup APIs
   FileVer:    10.0.14393.0
   ProdVer:    10.0.14393.0

Module 78
C:\Windows\System32\WS2_32.dll
Image Base: 0x76f20000  Image Size: 0x00063000
File Size:  403888      File Time:  2016-07-16_194250
Version:
   Company:    Microsoft Corporation
   Product:    Microsoft? Windows? Operating System
   FileDesc:   Windows Socket 2.0 32 位 DLL
   FileVer:    10.0.14393.0
   ProdVer:    10.0.14393.0

Module 79
C:\Windows\System32\shcore.dll
Image Base: 0x76f90000  Image Size: 0x00088000
File Size:  549088      File Time:  2016-07-16_194244
Version:
   Company:    Microsoft Corporation
   Product:    Microsoft? Windows? Operating System
   FileDesc:   SHCORE
   FileVer:    10.0.14393.0
   ProdVer:    10.0.14393.0

Module 80
C:\Windows\System32\COMDLG32.dll
Image Base: 0x77020000  Image Size: 0x000e5000
File Size:  913920      File Time:  2016-07-16_194304
Version:
   Company:    Microsoft Corporation
   Product:    Microsoft? Windows? Operating System
   FileDesc:   Common Dialogs DLL
   FileVer:    10.0.14393.0
   ProdVer:    10.0.14393.0

Module 81
C:\Windows\System32\IMM32.dll
Image Base: 0x77110000  Image Size: 0x00025000
File Size:  144632      File Time:  2016-07-16_194250
Version:
   Company:    Microsoft Corporation
   Product:    Microsoft? Windows? Operating System
   FileDesc:   Multi-User Windows IMM32 API Client DLL
   FileVer:    10.0.14393.0
   ProdVer:    10.0.14393.0

Module 82
C:\Windows\System32\gdi32full.dll
Image Base: 0x77140000  Image Size: 0x0015b000
File Size:  1415752     File Time:  2016-07-16_194306
Version:
   Company:    Microsoft Corporation
   Product:    Microsoft? Windows? Operating System
   FileDesc:   GDI Client DLL
   FileVer:    10.0.14393.0
   ProdVer:    10.0.14393.0

Module 83
C:\Windows\System32\windows.storage.dll
Image Base: 0x772a0000  Image Size: 0x0056e000
File Size:  5723344     File Time:  2016-07-16_194256
Version:
   Company:    Microsoft Corporation
   Product:    Microsoft? Windows? Operating System
   FileDesc:   Microsoft WinRT Storage API
   FileVer:    10.0.14393.0
   ProdVer:    10.0.14393.0

Module 84
C:\Windows\System32\MSCTF.dll
Image Base: 0x77810000  Image Size: 0x00136000
File Size:  1265424     File Time:  2016-07-16_194250
Version:
   Company:    Microsoft Corporation
   Product:    Microsoft? Windows? Operating System
   FileDesc:   MSCTF 服务器 DLL
   FileVer:    10.0.14393.0
   ProdVer:    10.0.14393.0

Module 85
C:\Windows\System32\USER32.dll
Image Base: 0x77950000  Image Size: 0x0015f000
File Size:  1435896     File Time:  2016-07-16_194250
Version:
   Company:    Microsoft Corporation
   Product:    Microsoft? Windows? Operating System
   FileDesc:   多用户 Windows 用户 API 客户端 DLL
   FileVer:    10.0.14393.0
   ProdVer:    10.0.14393.0

Module 86
C:\Windows\SYSTEM32\ntdll.dll
Image Base: 0x77ab0000  Image Size: 0x00182000
File Size:  1570680     File Time:  2016-07-16_194250
Version:
   Company:    Microsoft Corporation
   Product:    Microsoft? Windows? Operating System
   FileDesc:   NT 层 DLL
   FileVer:    10.0.14393.0
   ProdVer:    10.0.14393.0


== [end of error.log] ==
